<?xml version="1.0" encoding="UTF-8"?>
<!-- Generated by org.testng.reporters.JUnitReportReporter -->
<testsuite hostname="LTIN398575" failures="0" tests="6" name="testCases.Main" time="39.771" errors="0" timestamp="2025-03-18T11:13:42 IST" skipped="0">
  <testcase classname="testCases.Main" name="selectCity" time="7.476"/>
  <system-out/>
  <testcase classname="testCases.Main" name="selectDate" time="2.286"/>
  <system-out/>
  <testcase classname="testCases.Main" name="selectclass" time="14.964"/>
  <system-out/>
  <testcase classname="testCases.Main" name="selectIndigo" time="9.225"/>
  <system-out/>
  <testcase classname="testCases.Main" name="indigoDetails" time="4.711"/>
  <system-out/>
  <testcase classname="testCases.Main" name="printFlightdetails" time="1.109"/>
  <system-out/>
</testsuite> <!-- testCases.Main -->
